<html>
<head>
<title>TestNG:  GRID TEST WITH SERIAL EXECTION WITH BROWSER FF </title>
<link href="../testng.css" rel="stylesheet" type="text/css" />
<link href="../my-testng.css" rel="stylesheet" type="text/css" />

<style type="text/css">
.log { display: none;} 
.stack-trace { display: none;} 
</style>
<script type="text/javascript">
<!--
function flip(e) {
  current = e.style.display;
  if (current == 'block') {
    e.style.display = 'none';
    return 0;
  }
  else {
    e.style.display = 'block';
    return 1;
  }
}

function toggleBox(szDivId, elem, msg1, msg2)
{
  var res = -1;  if (document.getElementById) {
    res = flip(document.getElementById(szDivId));
  }
  else if (document.all) {
    // this is the way old msie versions work
    res = flip(document.all[szDivId]);
  }
  if(elem) {
    if(res == 0) elem.innerHTML = msg1; else elem.innerHTML = msg2;
  }

}

function toggleAllBoxes() {
  if (document.getElementsByTagName) {
    d = document.getElementsByTagName('div');
    for (i = 0; i < d.length; i++) {
      if (d[i].className == 'log') {
        flip(d[i]);
      }
    }
  }
}

// -->
</script>

</head>
<body>
<h2 align='center'>GRID TEST WITH SERIAL EXECTION WITH BROWSER FF </h2><table border='1' align="center">
<tr>
<td>Tests passed/Failed/Skipped:</td><td>0/1/0</td>
</tr><tr>
<td>Started on:</td><td>Tue Aug 07 20:17:55 IST 2018</td>
</tr>
<tr><td>Total time:</td><td>52 seconds (52377 ms)</td>
</tr><tr>
<td>Included groups:</td><td></td>
</tr><tr>
<td>Excluded groups:</td><td></td>
</tr>
</table><p/>
<small><i>(Hover the method name to see the test class name)</i></small><p/>
<table width='100%' border='1' class='invocation-failed'>
<tr><td colspan='4' align='center'><b>FAILED TESTS</b></td></tr>
<tr><td><b>Test method</b></td>
<td width="30%"><b>Exception</b></td>
<td width="10%"><b>Time (seconds)</b></td>
<td><b>Instance</b></td>
</tr>
<tr>
<td title='module7.GridExample.mailTest()'><b>mailTest</b><br>Test class: module7.GridExample<br>Parameters: firefox</td>
<td><div><pre>org.openqa.selenium.WebDriverException: Unable to connect to host 127.0.0.1 on port 7055 after 45000 ms. Firefox console output:
39,&quot;updateDate&quot;:1533441525339,&quot;applyBackgroundUpdates&quot;:1,&quot;skinnable&quot;:true,&quot;size&quot;:22012,&quot;sourceURI&quot;:null,&quot;releaseNotesURI&quot;:null,&quot;softDisabled&quot;:false,&quot;foreignInstall&quot;:false,&quot;hasBinaryComponents&quot;:false,&quot;strictCompatibility&quot;:true,&quot;locales&quot;:[],&quot;targetApplications&quot;:[{&quot;id&quot;:&quot;{ec8030f7-c20a-464f-9b0e-13a3a9e97384}&quot;,&quot;minVersion&quot;:&quot;47.0.2&quot;,&quot;maxVersion&quot;:&quot;47.0.2&quot;}],&quot;targetPlatforms&quot;:[],&quot;seen&quot;:true}
1533653283421	addons.xpi	DEBUG	getModTime: Recursive scan of {972ce4c6-7e08-4474-a285-3208198ce6fd}
1533653283423	DeferredSave.extensions.json	DEBUG	Save changes
1533653283423	addons.xpi	DEBUG	Updating database with changes to installed add-ons
1533653283425	addons.xpi-utils	DEBUG	Updating add-on states
1533653283432	addons.xpi-utils	DEBUG	Writing add-ons list
1533653283443	addons.xpi	DEBUG	Registering manifest for C:\Program Files\Mozilla Firefox\browser\features\e10srollout@mozilla.org.xpi
1533653283444	addons.xpi	DEBUG	Calling bootstrap method startup on e10srollout@mozilla.org version 1.0
1533653283444	addons.xpi	DEBUG	Registering manifest for C:\Program Files\Mozilla Firefox\browser\features\firefox@getpocket.com.xpi
1533653283447	addons.xpi	DEBUG	Calling bootstrap method startup on firefox@getpocket.com version 1.0.2
1533653283449	addons.xpi	DEBUG	Registering manifest for C:\Program Files\Mozilla Firefox\browser\features\loop@mozilla.org.xpi
1533653283451	addons.xpi	DEBUG	Calling bootstrap method startup on loop@mozilla.org version 1.3.2
1533653283527	addons.xpi	DEBUG	Registering manifest for C:\Program Files\Mozilla Firefox\browser\features\websensehelper@mozilla.org.xpi
1533653283528	addons.xpi	DEBUG	Calling bootstrap method startup on websensehelper@mozilla.org version 1.0
1533653283535	addons.manager	DEBUG	Registering shutdown blocker for XPIProvider
1533653283536	addons.manager	DEBUG	Provider finished startup: XPIProvider
1533653283536	addons.manager	DEBUG	Starting provider: LightweightThemeManager
1533653283536	addons.manager	DEBUG	Registering shutdown blocker for LightweightThemeManager
1533653283536	addons.manager	DEBUG	Provider finished startup: LightweightThemeManager
1533653283538	addons.manager	DEBUG	Starting provider: GMPProvider
1533653283561	addons.manager	DEBUG	Registering shutdown blocker for GMPProvider
1533653283562	addons.manager	DEBUG	Provider finished startup: GMPProvider
1533653283562	addons.manager	DEBUG	Starting provider: PluginProvider
1533653283562	addons.manager	DEBUG	Registering shutdown blocker for PluginProvider
1533653283563	addons.manager	DEBUG	Provider finished startup: PluginProvider
1533653283564	addons.manager	DEBUG	Completed startup sequence
1533653286849	addons.manager	DEBUG	Starting provider: &lt;unnamed-provider&gt;
1533653286849	addons.manager	DEBUG	Registering shutdown blocker for &lt;unnamed-provider&gt;
1533653286850	addons.manager	DEBUG	Provider finished startup: &lt;unnamed-provider&gt;
1533653287518	DeferredSave.extensions.json	DEBUG	Write succeeded
1533653287519	addons.xpi-utils	DEBUG	XPI Database saved, setting schema version preference to 17
1533653287519	DeferredSave.extensions.json	DEBUG	Starting timer
1533653287549	DeferredSave.extensions.json	DEBUG	Starting write
1533653287744	addons.repository	DEBUG	No addons.json found.
1533653287745	DeferredSave.addons.json	DEBUG	Save changes
1533653287752	DeferredSave.addons.json	DEBUG	Starting timer
1533653287870	addons.manager	DEBUG	Starting provider: PreviousExperimentProvider
1533653287870	addons.manager	DEBUG	Registering shutdown blocker for PreviousExperimentProvider
1533653287871	addons.manager	DEBUG	Provider finished startup: PreviousExperimentProvider
1533653287888	DeferredSave.addons.json	DEBUG	Starting write
1533653287915	DeferredSave.extensions.json	DEBUG	Write succeeded
1533653288059	DeferredSave.addons.json	DEBUG	Write succeeded
JavaScript warning: https://www.googletagmanager.com/gtag/js?id=UA-36116321-2&amp;l=dataLayer, line 69: unreachable code after return statement
JavaScript warning: https://www.googletagmanager.com/gtag/js?id=UA-36116321-2&amp;l=dataLayer, line 69: unreachable code after return statement

Command duration or timeout: 52.33 seconds
	at org.openqa.selenium.remote.ErrorHandler.createThrowable(ErrorHandler.java:215)
	at org.openqa.selenium.remote.ErrorHandler.throwIfResponseFailed(ErrorHandler.java:167)
	at org.openqa.selenium.remote.JsonWireProtocolResponse.lambda$new$0(JsonWireProtocolResponse.java:53)
	at org.openqa.selenium.remote.JsonWireProtocolResponse.lambda$getResponseFunction$2(JsonWireProtocolResponse.java:91)
	at org.openqa.selenium.remote.ProtocolHandshake.lambda$createSession$22(ProtocolHandshake.java:365)
	at java.util.stream.ReferencePipeline$3$1.accept(ReferencePipeline.java:193)
	at java.util.Spliterators$ArraySpliterator.tryAdvance(Spliterators.java:958)
	at java.util.stream.ReferencePipeline.forEachWithCancel(ReferencePipeline.java:126)
	at java.util.stream.AbstractPipeline.copyIntoWithCancel(AbstractPipeline.java:498)
	at java.util.stream.AbstractPipeline.copyInto(AbstractPipeline.java:485)
	at java.util.stream.AbstractPipeline.wrapAndCopyInto(AbstractPipeline.java:471)
	at java.util.stream.FindOps$FindOp.evaluateSequential(FindOps.java:152)
	at java.util.stream.AbstractPipeline.evaluate(AbstractPipeline.java:234)
	at java.util.stream.ReferencePipeline.findFirst(ReferencePipeline.java:464)
	at org.openqa.selenium.remote.ProtocolHandshake.createSession(ProtocolHandshake.java:368)
	at org.openqa.selenium.remote.ProtocolHandshake.createSession(ProtocolHandshake.java:159)
	at org.openqa.selenium.remote.HttpCommandExecutor.execute(HttpCommandExecutor.java:142)
	at org.openqa.selenium.remote.RemoteWebDriver.execute(RemoteWebDriver.java:637)
	at org.openqa.selenium.remote.RemoteWebDriver.startSession(RemoteWebDriver.java:250)
	at org.openqa.selenium.remote.RemoteWebDriver.startSession(RemoteWebDriver.java:236)
	at org.openqa.selenium.remote.RemoteWebDriver.&lt;init&gt;(RemoteWebDriver.java:137)
	at org.openqa.selenium.remote.RemoteWebDriver.&lt;init&gt;(RemoteWebDriver.java:174)
	at module7.GridExample.mailTest(GridExample.java:29)
Caused by: org.openqa.selenium.remote.ErrorHandler$UnknownServerException: Unable to connect to host 127.0.0.1 on port 7055 after 45000 ms. Firefox console output:
39,&quot;updateDate&quot;:1533441525339,&quot;applyBackgroundUpdates&quot;:1,&quot;skinnable&quot;:true,&quot;size&quot;:22012,&quot;sourceURI&quot;:null,&quot;releaseNotesURI&quot;:null,&quot;softDisabled&quot;:false,&quot;foreignInstall&quot;:false,&quot;hasBinaryComponents&quot;:false,&quot;strictCompatibility&quot;:true,&quot;locales&quot;:[],&quot;targetApplications&quot;:[{&quot;id&quot;:&quot;{ec8030f7-c20a-464f-9b0e-13a3a9e97384}&quot;,&quot;minVersion&quot;:&quot;47.0.2&quot;,&quot;maxVersion&quot;:&quot;47.0.2&quot;}],&quot;targetPlatforms&quot;:[],&quot;seen&quot;:true}
1533653283421	addons.xpi	DEBUG	getModTime: Recursive scan of {972ce4c6-7e08-4474-a285-3208198ce6fd}
1533653283423	DeferredSave.extensions.json	DEBUG	Save changes
1533653283423	addons.xpi	DEBUG	Updating database with changes to installed add-ons
1533653283425	addons.xpi-utils	DEBUG	Updating add-on states
1533653283432	addons.xpi-utils	DEBUG	Writing add-ons list
1533653283443	addons.xpi	DEBUG	Registering manifest for C:\Program Files\Mozilla Firefox\browser\features\e10srollout@mozilla.org.xpi
1533653283444	addons.xpi	DEBUG	Calling bootstrap method startup on e10srollout@mozilla.org version 1.0
1533653283444	addons.xpi	DEBUG	Registering manifest for C:\Program Files\Mozilla Firefox\browser\features\firefox@getpocket.com.xpi
1533653283447	addons.xpi	DEBUG	Calling bootstrap method startup on firefox@getpocket.com version 1.0.2
1533653283449	addons.xpi	DEBUG	Registering manifest for C:\Program Files\Mozilla Firefox\browser\features\loop@mozilla.org.xpi
1533653283451	addons.xpi	DEBUG	Calling bootstrap method startup on loop@mozilla.org version 1.3.2
1533653283527	addons.xpi	DEBUG	Registering manifest for C:\Program Files\Mozilla Firefox\browser\features\websensehelper@mozilla.org.xpi
1533653283528	addons.xpi	DEBUG	Calling bootstrap method startup on websensehelper@mozilla.org version 1.0
1533653283535	addons.manager	DEBUG	Registering shutdown blocker for XPIProvider
1533653283536	addons.manager	DEBUG	Provider finished startup: XPIProvider
1533653283536	addons.manager	DEBUG	Starting provider: LightweightThemeManager
1533653283536	addons.manager	DEBUG	Registering shutdown blocker for LightweightThemeManager
1533653283536	addons.manager	DEBUG	Provider finished startup: LightweightThemeManager
1533653283538	addons.manager	DEBUG	Starting provider: GMPProvider
1533653283561	addons.manager	DEBUG	Registering shutdown blocker for GMPProvider
1533653283562	addons.manager	DEBUG	Provider finished startup: GMPProvider
1533653283562	addons.manager	DEBUG	Starting provider: PluginProvider
1533653283562	addons.manager	DEBUG	Registering shutdown blocker for PluginProvider
1533653283563	addons.manager	DEBUG	Provider finished startup: PluginProvider
1533653283564	addons.manager	DEBUG	Completed startup sequence
1533653286849	addons.manager	DEBUG	Starting provider: &lt;unnamed-provider&gt;
1533653286849	addons.manager	DEBUG	Registering shutdown blocker for &lt;unnamed-provider&gt;
1533653286850	addons.manager	DEBUG	Provider finished startup: &lt;unnamed-provider&gt;
1533653287518	DeferredSave.extensions.json	DEBUG	Write succeeded
1533653287519	addons.xpi-utils	DEBUG	XPI Database saved, setting schema version preference to 17
1533653287519	DeferredSave.extensions.json	DEBUG	Starting timer
1533653287549	DeferredSave.extensions.json	DEBUG	Starting write
1533653287744	addons.repository	DEBUG	No addons.json found.
1533653287745	DeferredSave.addons.json	DEBUG	Save changes
1533653287752	DeferredSave.addons.json	DEBUG	Starting timer
1533653287870	addons.manager	DEBUG	Starting provider: PreviousExperimentProvider
1533653287870	addons.manager	DEBUG	Registering shutdown blocker for PreviousExperimentProvider
1533653287871	addons.manager	DEBUG	Provider finished startup: PreviousExperimentProvider
1533653287888	DeferredSave.addons.json	DEBUG	Starting write
1533653287915	DeferredSave.extensions.json	DEBUG	Write succeeded
1533653288059	DeferredSave.addons.json	DEBUG	Write succeeded
JavaScript warning: https://www.googletagmanager.com/gtag/js?id=UA-36116321-2&amp;l=dataLayer, line 69: unreachable code after return statement
JavaScript warning: https://www.googletagmanager.com/gtag/js?id=UA-36116321-2&amp;l=dataLayer, line 69: unreachable code after return statement

Build info: version: &apos;unknown&apos;, revision: &apos;unknown&apos;, time: &apos;unknown&apos;
System info: host: &apos;ABHRESH&apos;, ip: &apos;192.168.1.55&apos;, os.name: &apos;Windows 10&apos;, os.arch: &apos;amd64&apos;, os.version: &apos;10.0&apos;, java.version: &apos;1.8.0_151&apos;
Driver info: driver.version: FirefoxDriver
	at org.openqa.selenium.firefox.internal.NewProfileExtensionConnection.start(NewProfileExtensionConnection.java:120)
	at org.openqa.selenium.firefox.FirefoxDriver.startClient(FirefoxDriver.java:275)
	at org.openqa.selenium.remote.RemoteWebDriver.&lt;init&gt;(RemoteWebDriver.java:116)
	at org.openqa.selenium.firefox.FirefoxDriver.&lt;init&gt;(FirefoxDriver.java:222)
	at org.openqa.selenium.firefox.FirefoxDriver.&lt;init&gt;(FirefoxDriver.java:215)
	at org.openqa.selenium.firefox.FirefoxDriver.&lt;init&gt;(FirefoxDriver.java:133)
	at org.openqa.selenium.remote.server.DefaultDriverProvider.callConstructor(DefaultDriverProvider.java:85)
	at org.openqa.selenium.remote.server.DefaultDriverProvider.newInstance(DefaultDriverProvider.java:79)
	at org.openqa.selenium.remote.server.DefaultDriverFactory.newInstance(DefaultDriverFactory.java:62)
	at org.openqa.selenium.remote.server.DefaultSession$BrowserCreator.call(DefaultSession.java:222)
	at org.openqa.selenium.remote.server.DefaultSession$BrowserCreator.call(DefaultSession.java:1)
	at java.util.concurrent.FutureTask.run(Unknown Source)
	at org.openqa.selenium.remote.server.DefaultSession$1.run(DefaultSession.java:176)
	at java.util.concurrent.ThreadPoolExecutor.runWorker(Unknown Source)
	at java.util.concurrent.ThreadPoolExecutor$Worker.run(Unknown Source)
	at java.lang.Thread.run(Unknown Source)
... Removed 33 stack frames</pre></div><a href='#' onClick='toggleBox("stack-trace159475521", this, "Click to show all stack frames", "Click to hide stack frames")'>Click to show all stack frames</a>
<div class='stack-trace' id='stack-trace159475521'><pre>org.openqa.selenium.WebDriverException: Unable to connect to host 127.0.0.1 on port 7055 after 45000 ms. Firefox console output:
39,&quot;updateDate&quot;:1533441525339,&quot;applyBackgroundUpdates&quot;:1,&quot;skinnable&quot;:true,&quot;size&quot;:22012,&quot;sourceURI&quot;:null,&quot;releaseNotesURI&quot;:null,&quot;softDisabled&quot;:false,&quot;foreignInstall&quot;:false,&quot;hasBinaryComponents&quot;:false,&quot;strictCompatibility&quot;:true,&quot;locales&quot;:[],&quot;targetApplications&quot;:[{&quot;id&quot;:&quot;{ec8030f7-c20a-464f-9b0e-13a3a9e97384}&quot;,&quot;minVersion&quot;:&quot;47.0.2&quot;,&quot;maxVersion&quot;:&quot;47.0.2&quot;}],&quot;targetPlatforms&quot;:[],&quot;seen&quot;:true}
1533653283421	addons.xpi	DEBUG	getModTime: Recursive scan of {972ce4c6-7e08-4474-a285-3208198ce6fd}
1533653283423	DeferredSave.extensions.json	DEBUG	Save changes
1533653283423	addons.xpi	DEBUG	Updating database with changes to installed add-ons
1533653283425	addons.xpi-utils	DEBUG	Updating add-on states
1533653283432	addons.xpi-utils	DEBUG	Writing add-ons list
1533653283443	addons.xpi	DEBUG	Registering manifest for C:\Program Files\Mozilla Firefox\browser\features\e10srollout@mozilla.org.xpi
1533653283444	addons.xpi	DEBUG	Calling bootstrap method startup on e10srollout@mozilla.org version 1.0
1533653283444	addons.xpi	DEBUG	Registering manifest for C:\Program Files\Mozilla Firefox\browser\features\firefox@getpocket.com.xpi
1533653283447	addons.xpi	DEBUG	Calling bootstrap method startup on firefox@getpocket.com version 1.0.2
1533653283449	addons.xpi	DEBUG	Registering manifest for C:\Program Files\Mozilla Firefox\browser\features\loop@mozilla.org.xpi
1533653283451	addons.xpi	DEBUG	Calling bootstrap method startup on loop@mozilla.org version 1.3.2
1533653283527	addons.xpi	DEBUG	Registering manifest for C:\Program Files\Mozilla Firefox\browser\features\websensehelper@mozilla.org.xpi
1533653283528	addons.xpi	DEBUG	Calling bootstrap method startup on websensehelper@mozilla.org version 1.0
1533653283535	addons.manager	DEBUG	Registering shutdown blocker for XPIProvider
1533653283536	addons.manager	DEBUG	Provider finished startup: XPIProvider
1533653283536	addons.manager	DEBUG	Starting provider: LightweightThemeManager
1533653283536	addons.manager	DEBUG	Registering shutdown blocker for LightweightThemeManager
1533653283536	addons.manager	DEBUG	Provider finished startup: LightweightThemeManager
1533653283538	addons.manager	DEBUG	Starting provider: GMPProvider
1533653283561	addons.manager	DEBUG	Registering shutdown blocker for GMPProvider
1533653283562	addons.manager	DEBUG	Provider finished startup: GMPProvider
1533653283562	addons.manager	DEBUG	Starting provider: PluginProvider
1533653283562	addons.manager	DEBUG	Registering shutdown blocker for PluginProvider
1533653283563	addons.manager	DEBUG	Provider finished startup: PluginProvider
1533653283564	addons.manager	DEBUG	Completed startup sequence
1533653286849	addons.manager	DEBUG	Starting provider: &lt;unnamed-provider&gt;
1533653286849	addons.manager	DEBUG	Registering shutdown blocker for &lt;unnamed-provider&gt;
1533653286850	addons.manager	DEBUG	Provider finished startup: &lt;unnamed-provider&gt;
1533653287518	DeferredSave.extensions.json	DEBUG	Write succeeded
1533653287519	addons.xpi-utils	DEBUG	XPI Database saved, setting schema version preference to 17
1533653287519	DeferredSave.extensions.json	DEBUG	Starting timer
1533653287549	DeferredSave.extensions.json	DEBUG	Starting write
1533653287744	addons.repository	DEBUG	No addons.json found.
1533653287745	DeferredSave.addons.json	DEBUG	Save changes
1533653287752	DeferredSave.addons.json	DEBUG	Starting timer
1533653287870	addons.manager	DEBUG	Starting provider: PreviousExperimentProvider
1533653287870	addons.manager	DEBUG	Registering shutdown blocker for PreviousExperimentProvider
1533653287871	addons.manager	DEBUG	Provider finished startup: PreviousExperimentProvider
1533653287888	DeferredSave.addons.json	DEBUG	Starting write
1533653287915	DeferredSave.extensions.json	DEBUG	Write succeeded
1533653288059	DeferredSave.addons.json	DEBUG	Write succeeded
JavaScript warning: https://www.googletagmanager.com/gtag/js?id=UA-36116321-2&amp;l=dataLayer, line 69: unreachable code after return statement
JavaScript warning: https://www.googletagmanager.com/gtag/js?id=UA-36116321-2&amp;l=dataLayer, line 69: unreachable code after return statement

Command duration or timeout: 52.33 seconds
	at sun.reflect.NativeConstructorAccessorImpl.newInstance0(Native Method)
	at sun.reflect.NativeConstructorAccessorImpl.newInstance(NativeConstructorAccessorImpl.java:62)
	at sun.reflect.DelegatingConstructorAccessorImpl.newInstance(DelegatingConstructorAccessorImpl.java:45)
	at java.lang.reflect.Constructor.newInstance(Constructor.java:423)
	at org.openqa.selenium.remote.ErrorHandler.createThrowable(ErrorHandler.java:215)
	at org.openqa.selenium.remote.ErrorHandler.throwIfResponseFailed(ErrorHandler.java:167)
	at org.openqa.selenium.remote.JsonWireProtocolResponse.lambda$new$0(JsonWireProtocolResponse.java:53)
	at org.openqa.selenium.remote.JsonWireProtocolResponse.lambda$getResponseFunction$2(JsonWireProtocolResponse.java:91)
	at org.openqa.selenium.remote.ProtocolHandshake.lambda$createSession$22(ProtocolHandshake.java:365)
	at java.util.stream.ReferencePipeline$3$1.accept(ReferencePipeline.java:193)
	at java.util.Spliterators$ArraySpliterator.tryAdvance(Spliterators.java:958)
	at java.util.stream.ReferencePipeline.forEachWithCancel(ReferencePipeline.java:126)
	at java.util.stream.AbstractPipeline.copyIntoWithCancel(AbstractPipeline.java:498)
	at java.util.stream.AbstractPipeline.copyInto(AbstractPipeline.java:485)
	at java.util.stream.AbstractPipeline.wrapAndCopyInto(AbstractPipeline.java:471)
	at java.util.stream.FindOps$FindOp.evaluateSequential(FindOps.java:152)
	at java.util.stream.AbstractPipeline.evaluate(AbstractPipeline.java:234)
	at java.util.stream.ReferencePipeline.findFirst(ReferencePipeline.java:464)
	at org.openqa.selenium.remote.ProtocolHandshake.createSession(ProtocolHandshake.java:368)
	at org.openqa.selenium.remote.ProtocolHandshake.createSession(ProtocolHandshake.java:159)
	at org.openqa.selenium.remote.HttpCommandExecutor.execute(HttpCommandExecutor.java:142)
	at org.openqa.selenium.remote.RemoteWebDriver.execute(RemoteWebDriver.java:637)
	at org.openqa.selenium.remote.RemoteWebDriver.startSession(RemoteWebDriver.java:250)
	at org.openqa.selenium.remote.RemoteWebDriver.startSession(RemoteWebDriver.java:236)
	at org.openqa.selenium.remote.RemoteWebDriver.&lt;init&gt;(RemoteWebDriver.java:137)
	at org.openqa.selenium.remote.RemoteWebDriver.&lt;init&gt;(RemoteWebDriver.java:174)
	at module7.GridExample.mailTest(GridExample.java:29)
	at sun.reflect.NativeMethodAccessorImpl.invoke0(Native Method)
	at sun.reflect.NativeMethodAccessorImpl.invoke(NativeMethodAccessorImpl.java:62)
	at sun.reflect.DelegatingMethodAccessorImpl.invoke(DelegatingMethodAccessorImpl.java:43)
	at java.lang.reflect.Method.invoke(Method.java:498)
	at org.testng.internal.MethodInvocationHelper.invokeMethod(MethodInvocationHelper.java:124)
	at org.testng.internal.Invoker.invokeMethod(Invoker.java:583)
	at org.testng.internal.Invoker.invokeTestMethod(Invoker.java:719)
	at org.testng.internal.Invoker.invokeTestMethods(Invoker.java:989)
	at org.testng.internal.TestMethodWorker.invokeTestMethods(TestMethodWorker.java:125)
	at org.testng.internal.TestMethodWorker.run(TestMethodWorker.java:109)
	at org.testng.TestRunner.privateRun(TestRunner.java:648)
	at org.testng.TestRunner.run(TestRunner.java:505)
	at org.testng.SuiteRunner.runTest(SuiteRunner.java:455)
	at org.testng.SuiteRunner.runSequentially(SuiteRunner.java:450)
	at org.testng.SuiteRunner.privateRun(SuiteRunner.java:415)
	at org.testng.SuiteRunner.run(SuiteRunner.java:364)
	at org.testng.SuiteRunnerWorker.runSuite(SuiteRunnerWorker.java:52)
	at org.testng.SuiteRunnerWorker.run(SuiteRunnerWorker.java:84)
	at org.testng.TestNG.runSuitesSequentially(TestNG.java:1208)
	at org.testng.TestNG.runSuitesLocally(TestNG.java:1137)
	at org.testng.TestNG.runSuites(TestNG.java:1049)
	at org.testng.TestNG.run(TestNG.java:1017)
	at org.testng.remote.AbstractRemoteTestNG.run(AbstractRemoteTestNG.java:114)
	at org.testng.remote.RemoteTestNG.initAndRun(RemoteTestNG.java:251)
	at org.testng.remote.RemoteTestNG.main(RemoteTestNG.java:77)
Caused by: org.openqa.selenium.remote.ErrorHandler$UnknownServerException: Unable to connect to host 127.0.0.1 on port 7055 after 45000 ms. Firefox console output:
39,&quot;updateDate&quot;:1533441525339,&quot;applyBackgroundUpdates&quot;:1,&quot;skinnable&quot;:true,&quot;size&quot;:22012,&quot;sourceURI&quot;:null,&quot;releaseNotesURI&quot;:null,&quot;softDisabled&quot;:false,&quot;foreignInstall&quot;:false,&quot;hasBinaryComponents&quot;:false,&quot;strictCompatibility&quot;:true,&quot;locales&quot;:[],&quot;targetApplications&quot;:[{&quot;id&quot;:&quot;{ec8030f7-c20a-464f-9b0e-13a3a9e97384}&quot;,&quot;minVersion&quot;:&quot;47.0.2&quot;,&quot;maxVersion&quot;:&quot;47.0.2&quot;}],&quot;targetPlatforms&quot;:[],&quot;seen&quot;:true}
1533653283421	addons.xpi	DEBUG	getModTime: Recursive scan of {972ce4c6-7e08-4474-a285-3208198ce6fd}
1533653283423	DeferredSave.extensions.json	DEBUG	Save changes
1533653283423	addons.xpi	DEBUG	Updating database with changes to installed add-ons
1533653283425	addons.xpi-utils	DEBUG	Updating add-on states
1533653283432	addons.xpi-utils	DEBUG	Writing add-ons list
1533653283443	addons.xpi	DEBUG	Registering manifest for C:\Program Files\Mozilla Firefox\browser\features\e10srollout@mozilla.org.xpi
1533653283444	addons.xpi	DEBUG	Calling bootstrap method startup on e10srollout@mozilla.org version 1.0
1533653283444	addons.xpi	DEBUG	Registering manifest for C:\Program Files\Mozilla Firefox\browser\features\firefox@getpocket.com.xpi
1533653283447	addons.xpi	DEBUG	Calling bootstrap method startup on firefox@getpocket.com version 1.0.2
1533653283449	addons.xpi	DEBUG	Registering manifest for C:\Program Files\Mozilla Firefox\browser\features\loop@mozilla.org.xpi
1533653283451	addons.xpi	DEBUG	Calling bootstrap method startup on loop@mozilla.org version 1.3.2
1533653283527	addons.xpi	DEBUG	Registering manifest for C:\Program Files\Mozilla Firefox\browser\features\websensehelper@mozilla.org.xpi
1533653283528	addons.xpi	DEBUG	Calling bootstrap method startup on websensehelper@mozilla.org version 1.0
1533653283535	addons.manager	DEBUG	Registering shutdown blocker for XPIProvider
1533653283536	addons.manager	DEBUG	Provider finished startup: XPIProvider
1533653283536	addons.manager	DEBUG	Starting provider: LightweightThemeManager
1533653283536	addons.manager	DEBUG	Registering shutdown blocker for LightweightThemeManager
1533653283536	addons.manager	DEBUG	Provider finished startup: LightweightThemeManager
1533653283538	addons.manager	DEBUG	Starting provider: GMPProvider
1533653283561	addons.manager	DEBUG	Registering shutdown blocker for GMPProvider
1533653283562	addons.manager	DEBUG	Provider finished startup: GMPProvider
1533653283562	addons.manager	DEBUG	Starting provider: PluginProvider
1533653283562	addons.manager	DEBUG	Registering shutdown blocker for PluginProvider
1533653283563	addons.manager	DEBUG	Provider finished startup: PluginProvider
1533653283564	addons.manager	DEBUG	Completed startup sequence
1533653286849	addons.manager	DEBUG	Starting provider: &lt;unnamed-provider&gt;
1533653286849	addons.manager	DEBUG	Registering shutdown blocker for &lt;unnamed-provider&gt;
1533653286850	addons.manager	DEBUG	Provider finished startup: &lt;unnamed-provider&gt;
1533653287518	DeferredSave.extensions.json	DEBUG	Write succeeded
1533653287519	addons.xpi-utils	DEBUG	XPI Database saved, setting schema version preference to 17
1533653287519	DeferredSave.extensions.json	DEBUG	Starting timer
1533653287549	DeferredSave.extensions.json	DEBUG	Starting write
1533653287744	addons.repository	DEBUG	No addons.json found.
1533653287745	DeferredSave.addons.json	DEBUG	Save changes
1533653287752	DeferredSave.addons.json	DEBUG	Starting timer
1533653287870	addons.manager	DEBUG	Starting provider: PreviousExperimentProvider
1533653287870	addons.manager	DEBUG	Registering shutdown blocker for PreviousExperimentProvider
1533653287871	addons.manager	DEBUG	Provider finished startup: PreviousExperimentProvider
1533653287888	DeferredSave.addons.json	DEBUG	Starting write
1533653287915	DeferredSave.extensions.json	DEBUG	Write succeeded
1533653288059	DeferredSave.addons.json	DEBUG	Write succeeded
JavaScript warning: https://www.googletagmanager.com/gtag/js?id=UA-36116321-2&amp;l=dataLayer, line 69: unreachable code after return statement
JavaScript warning: https://www.googletagmanager.com/gtag/js?id=UA-36116321-2&amp;l=dataLayer, line 69: unreachable code after return statement

Build info: version: &apos;unknown&apos;, revision: &apos;unknown&apos;, time: &apos;unknown&apos;
System info: host: &apos;ABHRESH&apos;, ip: &apos;192.168.1.55&apos;, os.name: &apos;Windows 10&apos;, os.arch: &apos;amd64&apos;, os.version: &apos;10.0&apos;, java.version: &apos;1.8.0_151&apos;
Driver info: driver.version: FirefoxDriver
	at org.openqa.selenium.firefox.internal.NewProfileExtensionConnection.start(NewProfileExtensionConnection.java:120)
	at org.openqa.selenium.firefox.FirefoxDriver.startClient(FirefoxDriver.java:275)
	at org.openqa.selenium.remote.RemoteWebDriver.&lt;init&gt;(RemoteWebDriver.java:116)
	at org.openqa.selenium.firefox.FirefoxDriver.&lt;init&gt;(FirefoxDriver.java:222)
	at org.openqa.selenium.firefox.FirefoxDriver.&lt;init&gt;(FirefoxDriver.java:215)
	at org.openqa.selenium.firefox.FirefoxDriver.&lt;init&gt;(FirefoxDriver.java:133)
	at sun.reflect.NativeConstructorAccessorImpl.newInstance0(Native Method)
	at sun.reflect.NativeConstructorAccessorImpl.newInstance(Unknown Source)
	at sun.reflect.DelegatingConstructorAccessorImpl.newInstance(Unknown Source)
	at java.lang.reflect.Constructor.newInstance(Unknown Source)
	at org.openqa.selenium.remote.server.DefaultDriverProvider.callConstructor(DefaultDriverProvider.java:85)
	at org.openqa.selenium.remote.server.DefaultDriverProvider.newInstance(DefaultDriverProvider.java:79)
	at org.openqa.selenium.remote.server.DefaultDriverFactory.newInstance(DefaultDriverFactory.java:62)
	at org.openqa.selenium.remote.server.DefaultSession$BrowserCreator.call(DefaultSession.java:222)
	at org.openqa.selenium.remote.server.DefaultSession$BrowserCreator.call(DefaultSession.java:1)
	at java.util.concurrent.FutureTask.run(Unknown Source)
	at org.openqa.selenium.remote.server.DefaultSession$1.run(DefaultSession.java:176)
	at java.util.concurrent.ThreadPoolExecutor.runWorker(Unknown Source)
	at java.util.concurrent.ThreadPoolExecutor$Worker.run(Unknown Source)
	at java.lang.Thread.run(Unknown Source)
</pre></div></td>
<td>52</td>
<td>module7.GridExample@25af5db5</td></tr>
</table><p>
</body>
</html>